<?xml version="1.0" encoding="UTF-8"?>
<!-- Generated by org.testng.reporters.JUnitXMLReporter -->
<testsuite ignored="0" hostname="clix-Inspiron-7560" failures="1" tests="1" name="Test Activities_PUT_Request" time="2.391" errors="0" timestamp="2021-12-08T22:21:58 IST">
  <testcase classname="Activities.Activities_PUT_Request" name="getVerifyStatusCode" time="0.001">
    <failure type="java.lang.AssertionError" message="expected [200] but found [415]">
      <![CDATA[java.lang.AssertionError: expected [200] but found [415]
at Activities.Activities_PUT_Request.getVerifyStatusCode(Activities_PUT_Request.java:39)
at java.base/java.util.ArrayList.forEach(ArrayList.java:1511)
... Removed 33 stack frames]]>
    </failure>
  </testcase> <!-- getVerifyStatusCode -->
</testsuite> <!-- Test Activities_PUT_Request -->
