<?xml version="1.0" encoding="UTF-8"?>
<!-- Generated by org.testng.reporters.JUnitXMLReporter -->
<testsuite ignored="0" hostname="clix-Inspiron-7560" failures="0" tests="3" name="Test Activities_DELETE_Request" time="1.108" errors="0" timestamp="2021-12-08T22:21:59 IST">
  <testcase classname="Activities.Activities_DELETE_Request" name="getVerifyResponseBody" time="0.001"/>
  <testcase classname="Activities.Activities_DELETE_Request" name="getVerifyResponseHeader" time="0.001"/>
  <testcase classname="Activities.Activities_DELETE_Request" name="getVerifyStatusCode" time="0.0"/>
</testsuite> <!-- Test Activities_DELETE_Request -->
