<?xml version="1.0" encoding="UTF-8"?>
<!-- Generated by org.testng.reporters.JUnitXMLReporter -->
<testsuite ignored="0" hostname="clix-Inspiron-7560" failures="0" tests="3" name="Test" time="4.534" errors="0" timestamp="2021-12-06T23:56:56 IST">
  <testcase classname="TestCases.Activities_List_GET_Request" name="getActivityListResponseBodyVerify" time="0.755"/>
  <testcase classname="TestCases.Activities_List_GET_Request" name="getActivityListResponseHeaderVerify" time="0.002"/>
  <testcase classname="TestCases.Activities_List_GET_Request" name="getActivityListStatusCodeVerify" time="0.001"/>
</testsuite> <!-- Test -->
