<?xml version="1.0" encoding="UTF-8"?>
<!-- Generated by org.testng.reporters.JUnitXMLReporter -->
<testsuite ignored="0" hostname="clix-Inspiron-7560" failures="0" tests="3" name="Test BookID_GET_Request" time="3.777" errors="0" timestamp="2021-12-08T22:21:55 IST">
  <testcase classname="Activities.Activities_GET_Request" name="getVerifyResponseBody" time="0.035"/>
  <testcase classname="Activities.Activities_GET_Request" name="getVerifyResponseHeader" time="0.001"/>
  <testcase classname="Activities.Activities_GET_Request" name="getVerifyStatusCode" time="0.001"/>
</testsuite> <!-- Test BookID_GET_Request -->
