<?xml version="1.0" encoding="UTF-8"?>
<!-- Generated by org.testng.reporters.JUnitXMLReporter -->
<testsuite ignored="0" hostname="clix-Inspiron-7560" failures="0" tests="3" name="Test Activities_List_GET_Request" time="4.321" errors="0" timestamp="2021-12-08T22:21:50 IST">
  <testcase classname="Activities.Activities_List_GET_Request" name="getActivityListResponseBodyVerify" time="0.448"/>
  <testcase classname="Activities.Activities_List_GET_Request" name="getActivityListResponseHeaderVerify" time="0.001"/>
  <testcase classname="Activities.Activities_List_GET_Request" name="getActivityListStatusCodeVerify" time="0.002"/>
</testsuite> <!-- Test Activities_List_GET_Request -->
