<?xml version="1.0" encoding="UTF-8"?>
<!-- Generated by org.testng.reporters.JUnitXMLReporter -->
<testsuite ignored="0" hostname="clix-Inspiron-7560" failures="0" tests="3" name="Test Activities_POST_Request" time="1.185" errors="0" timestamp="2021-12-08T22:21:51 IST">
  <testcase classname="Activities.Activities_POST_Request" name="getVerifyResponseBody" time="0.015"/>
  <testcase classname="Activities.Activities_POST_Request" name="getVerifyResponseHeader" time="0.0"/>
  <testcase classname="Activities.Activities_POST_Request" name="getVerifyStatusCode" time="0.001"/>
</testsuite> <!-- Test Activities_POST_Request -->
