<?xml version="1.0" encoding="UTF-8"?>
<testng-results ignored="0" total="13" passed="12" failed="1" skipped="0">
  <reporter-output>
  </reporter-output>
  <suite started-at="2021-12-08T22:21:46 IST" name="Suite" finished-at="2021-12-08T22:21:59 IST" duration-ms="13112">
    <groups>
    </groups>
    <test started-at="2021-12-08T22:21:46 IST" name="Test Activities_List_GET_Request" finished-at="2021-12-08T22:21:50 IST" duration-ms="4321">
      <class name="Activities.Activities_List_GET_Request">
        <test-method is-config="true" signature="beforeRequest()[pri:0, instance:Activities.Activities_List_GET_Request@64ba3208]" started-at="2021-12-08T22:21:46 IST" name="beforeRequest" finished-at="2021-12-08T22:21:50 IST" duration-ms="3843" status="PASS">
          <reporter-output>
          </reporter-output>
        </test-method> <!-- beforeRequest -->
        <test-method signature="getActivityListResponseBodyVerify()[pri:0, instance:Activities.Activities_List_GET_Request@64ba3208]" started-at="2021-12-08T22:21:50 IST" name="getActivityListResponseBodyVerify" finished-at="2021-12-08T22:21:50 IST" duration-ms="448" status="PASS">
          <reporter-output>
          </reporter-output>
        </test-method> <!-- getActivityListResponseBodyVerify -->
        <test-method signature="getActivityListResponseHeaderVerify()[pri:0, instance:Activities.Activities_List_GET_Request@64ba3208]" started-at="2021-12-08T22:21:50 IST" name="getActivityListResponseHeaderVerify" finished-at="2021-12-08T22:21:50 IST" duration-ms="1" status="PASS">
          <reporter-output>
          </reporter-output>
        </test-method> <!-- getActivityListResponseHeaderVerify -->
        <test-method signature="getActivityListStatusCodeVerify()[pri:0, instance:Activities.Activities_List_GET_Request@64ba3208]" started-at="2021-12-08T22:21:50 IST" name="getActivityListStatusCodeVerify" finished-at="2021-12-08T22:21:50 IST" duration-ms="2" status="PASS">
          <reporter-output>
          </reporter-output>
        </test-method> <!-- getActivityListStatusCodeVerify -->
      </class> <!-- Activities.Activities_List_GET_Request -->
    </test> <!-- Test Activities_List_GET_Request -->
    <test started-at="2021-12-08T22:21:50 IST" name="Test Activities_POST_Request" finished-at="2021-12-08T22:21:51 IST" duration-ms="1185">
      <class name="Activities.Activities_POST_Request">
        <test-method is-config="true" signature="beforeRequest()[pri:0, instance:Activities.Activities_POST_Request@7a560583]" started-at="2021-12-08T22:21:50 IST" name="beforeRequest" finished-at="2021-12-08T22:21:51 IST" duration-ms="1153" status="PASS">
          <reporter-output>
          </reporter-output>
        </test-method> <!-- beforeRequest -->
        <test-method signature="getVerifyResponseBody()[pri:0, instance:Activities.Activities_POST_Request@7a560583]" started-at="2021-12-08T22:21:51 IST" name="getVerifyResponseBody" finished-at="2021-12-08T22:21:51 IST" duration-ms="15" status="PASS">
          <reporter-output>
          </reporter-output>
        </test-method> <!-- getVerifyResponseBody -->
        <test-method signature="getVerifyResponseHeader()[pri:0, instance:Activities.Activities_POST_Request@7a560583]" started-at="2021-12-08T22:21:51 IST" name="getVerifyResponseHeader" finished-at="2021-12-08T22:21:51 IST" duration-ms="0" status="PASS">
          <reporter-output>
          </reporter-output>
        </test-method> <!-- getVerifyResponseHeader -->
        <test-method signature="getVerifyStatusCode()[pri:0, instance:Activities.Activities_POST_Request@7a560583]" started-at="2021-12-08T22:21:51 IST" name="getVerifyStatusCode" finished-at="2021-12-08T22:21:51 IST" duration-ms="1" status="PASS">
          <reporter-output>
          </reporter-output>
        </test-method> <!-- getVerifyStatusCode -->
      </class> <!-- Activities.Activities_POST_Request -->
    </test> <!-- Test Activities_POST_Request -->
    <test started-at="2021-12-08T22:21:51 IST" name="Test BookID_GET_Request" finished-at="2021-12-08T22:21:55 IST" duration-ms="3777">
      <class name="Activities.Activities_GET_Request">
        <test-method is-config="true" signature="beforeRequest()[pri:0, instance:Activities.Activities_GET_Request@1dd6d4b7]" started-at="2021-12-08T22:21:51 IST" name="beforeRequest" finished-at="2021-12-08T22:21:55 IST" duration-ms="3730" status="PASS">
          <reporter-output>
          </reporter-output>
        </test-method> <!-- beforeRequest -->
        <test-method signature="getVerifyResponseBody()[pri:0, instance:Activities.Activities_GET_Request@1dd6d4b7]" started-at="2021-12-08T22:21:55 IST" name="getVerifyResponseBody" finished-at="2021-12-08T22:21:55 IST" duration-ms="35" status="PASS">
          <reporter-output>
          </reporter-output>
        </test-method> <!-- getVerifyResponseBody -->
        <test-method signature="getVerifyResponseHeader()[pri:0, instance:Activities.Activities_GET_Request@1dd6d4b7]" started-at="2021-12-08T22:21:55 IST" name="getVerifyResponseHeader" finished-at="2021-12-08T22:21:55 IST" duration-ms="1" status="PASS">
          <reporter-output>
          </reporter-output>
        </test-method> <!-- getVerifyResponseHeader -->
        <test-method signature="getVerifyStatusCode()[pri:0, instance:Activities.Activities_GET_Request@1dd6d4b7]" started-at="2021-12-08T22:21:55 IST" name="getVerifyStatusCode" finished-at="2021-12-08T22:21:55 IST" duration-ms="1" status="PASS">
          <reporter-output>
          </reporter-output>
        </test-method> <!-- getVerifyStatusCode -->
      </class> <!-- Activities.Activities_GET_Request -->
    </test> <!-- Test BookID_GET_Request -->
    <test started-at="2021-12-08T22:21:55 IST" name="Test Activities_PUT_Request" finished-at="2021-12-08T22:21:58 IST" duration-ms="2391">
      <class name="Activities.Activities_PUT_Request">
        <test-method is-config="true" signature="beforeRequest()[pri:0, instance:Activities.Activities_PUT_Request@1253e7cb]" started-at="2021-12-08T22:21:55 IST" name="beforeRequest" finished-at="2021-12-08T22:21:58 IST" duration-ms="2385" status="PASS">
          <reporter-output>
          </reporter-output>
        </test-method> <!-- beforeRequest -->
        <test-method signature="getVerifyStatusCode()[pri:0, instance:Activities.Activities_PUT_Request@1253e7cb]" started-at="2021-12-08T22:21:58 IST" name="getVerifyStatusCode" finished-at="2021-12-08T22:21:58 IST" duration-ms="1" status="FAIL">
          <exception class="java.lang.AssertionError">
            <message>
              <![CDATA[expected [200] but found [415]]]>
            </message>
            <full-stacktrace>
              <![CDATA[java.lang.AssertionError: expected [200] but found [415]
at org.testng.Assert.fail(Assert.java:99)
at org.testng.Assert.failNotEquals(Assert.java:1037)
at org.testng.Assert.assertEqualsImpl(Assert.java:140)
at org.testng.Assert.assertEquals(Assert.java:122)
at org.testng.Assert.assertEquals(Assert.java:907)
at org.testng.Assert.assertEquals(Assert.java:917)
at Activities.Activities_PUT_Request.getVerifyStatusCode(Activities_PUT_Request.java:39)
at java.base/jdk.internal.reflect.NativeMethodAccessorImpl.invoke0(Native Method)
at java.base/jdk.internal.reflect.NativeMethodAccessorImpl.invoke(NativeMethodAccessorImpl.java:77)
at java.base/jdk.internal.reflect.DelegatingMethodAccessorImpl.invoke(DelegatingMethodAccessorImpl.java:43)
at java.base/java.lang.reflect.Method.invoke(Method.java:568)
at org.testng.internal.MethodInvocationHelper.invokeMethod(MethodInvocationHelper.java:132)
at org.testng.internal.TestInvoker.invokeMethod(TestInvoker.java:599)
at org.testng.internal.TestInvoker.invokeTestMethod(TestInvoker.java:174)
at org.testng.internal.MethodRunner.runInSequence(MethodRunner.java:46)
at org.testng.internal.TestInvoker$MethodInvocationAgent.invoke(TestInvoker.java:822)
at org.testng.internal.TestInvoker.invokeTestMethods(TestInvoker.java:147)
at org.testng.internal.TestMethodWorker.invokeTestMethods(TestMethodWorker.java:146)
at org.testng.internal.TestMethodWorker.run(TestMethodWorker.java:128)
at java.base/java.util.ArrayList.forEach(ArrayList.java:1511)
at org.testng.TestRunner.privateRun(TestRunner.java:764)
at org.testng.TestRunner.run(TestRunner.java:585)
at org.testng.SuiteRunner.runTest(SuiteRunner.java:384)
at org.testng.SuiteRunner.runSequentially(SuiteRunner.java:378)
at org.testng.SuiteRunner.privateRun(SuiteRunner.java:337)
at org.testng.SuiteRunner.run(SuiteRunner.java:286)
at org.testng.SuiteRunnerWorker.runSuite(SuiteRunnerWorker.java:53)
at org.testng.SuiteRunnerWorker.run(SuiteRunnerWorker.java:96)
at org.testng.TestNG.runSuitesSequentially(TestNG.java:1218)
at org.testng.TestNG.runSuitesLocally(TestNG.java:1140)
at org.testng.TestNG.runSuites(TestNG.java:1069)
at org.testng.TestNG.run(TestNG.java:1037)
at org.testng.remote.AbstractRemoteTestNG.run(AbstractRemoteTestNG.java:115)
at org.testng.remote.RemoteTestNG.initAndRun(RemoteTestNG.java:251)
at org.testng.remote.RemoteTestNG.main(RemoteTestNG.java:77)
]]>
            </full-stacktrace>
          </exception> <!-- java.lang.AssertionError -->
          <reporter-output>
          </reporter-output>
        </test-method> <!-- getVerifyStatusCode -->
      </class> <!-- Activities.Activities_PUT_Request -->
    </test> <!-- Test Activities_PUT_Request -->
    <test started-at="2021-12-08T22:21:58 IST" name="Test Activities_DELETE_Request" finished-at="2021-12-08T22:21:59 IST" duration-ms="1108">
      <class name="Activities.Activities_DELETE_Request">
        <test-method is-config="true" signature="beforeRequest()[pri:0, instance:Activities.Activities_DELETE_Request@8c11eee]" started-at="2021-12-08T22:21:58 IST" name="beforeRequest" finished-at="2021-12-08T22:21:59 IST" duration-ms="1102" status="PASS">
          <reporter-output>
          </reporter-output>
        </test-method> <!-- beforeRequest -->
        <test-method signature="getVerifyResponseBody()[pri:0, instance:Activities.Activities_DELETE_Request@8c11eee]" started-at="2021-12-08T22:21:59 IST" name="getVerifyResponseBody" finished-at="2021-12-08T22:21:59 IST" duration-ms="1" status="PASS">
          <reporter-output>
          </reporter-output>
        </test-method> <!-- getVerifyResponseBody -->
        <test-method signature="getVerifyResponseHeader()[pri:0, instance:Activities.Activities_DELETE_Request@8c11eee]" started-at="2021-12-08T22:21:59 IST" name="getVerifyResponseHeader" finished-at="2021-12-08T22:21:59 IST" duration-ms="1" status="PASS">
          <reporter-output>
          </reporter-output>
        </test-method> <!-- getVerifyResponseHeader -->
        <test-method signature="getVerifyStatusCode()[pri:0, instance:Activities.Activities_DELETE_Request@8c11eee]" started-at="2021-12-08T22:21:59 IST" name="getVerifyStatusCode" finished-at="2021-12-08T22:21:59 IST" duration-ms="0" status="PASS">
          <reporter-output>
          </reporter-output>
        </test-method> <!-- getVerifyStatusCode -->
      </class> <!-- Activities.Activities_DELETE_Request -->
    </test> <!-- Test Activities_DELETE_Request -->
  </suite> <!-- Suite -->
</testng-results>
